<?xml version="1.0" encoding="utf-8" standalone="no"?>
<!--This file represents the results of running a test suite-->
<test-results name="C:\iringtools_datalayers\im_datalayer\trunk\iModelDatalayer\iModelDatalayer.Test\bin\Debug\iModelDatalayer.Test.dll" total="1" errors="0" failures="0" not-run="0" inconclusive="0" ignored="0" skipped="0" invalid="0" date="2013-05-08" time="13:25:01">
  <environment nunit-version="2.5.9.10348" clr-version="2.0.50727.4984" os-version="Microsoft Windows NT 6.1.7600.0" platform="Win32NT" cwd="C:\iringtools_datalayers\im_datalayer\trunk\iModelDatalayer" machine-name="NDHD201207" user="dkumar3" user-domain="IEAMS" />
  <culture-info current-culture="en-US" current-uiculture="en-US" />
  <test-suite type="Assembly" name="C:\iringtools_datalayers\im_datalayer\trunk\iModelDatalayer\iModelDatalayer.Test\bin\Debug\iModelDatalayer.Test.dll" executed="True" result="Success" success="True" time="3.182" asserts="0">
    <results>
      <test-suite type="Namespace" name="org" executed="True" result="Success" success="True" time="2.356" asserts="0">
        <results>
          <test-suite type="Namespace" name="iringtools" executed="True" result="Success" success="True" time="2.356" asserts="0">
            <results>
              <test-suite type="Namespace" name="adapter" executed="True" result="Success" success="True" time="2.356" asserts="0">
                <results>
                  <test-suite type="Namespace" name="datalayer" executed="True" result="Success" success="True" time="2.356" asserts="0">
                    <results>
                      <test-suite type="Namespace" name="test" executed="True" result="Success" success="True" time="2.340" asserts="0">
                        <results>
                          <test-suite type="TestFixture" name="Test" executed="True" result="Success" success="True" time="2.309" asserts="0">
                            <results>
                              <test-case name="org.iringtools.adapter.datalayer.test.Test.TestDictionary" executed="True" result="Success" success="True" time="0.047" asserts="1" />
                            </results>
                          </test-suite>
                        </results>
                      </test-suite>
                    </results>
                  </test-suite>
                </results>
              </test-suite>
            </results>
          </test-suite>
        </results>
      </test-suite>
    </results>
  </test-suite>
</test-results>