<?xml version="1.0" encoding="utf-8" standalone="no"?>
<!--This file represents the results of running a test suite-->
<test-results name="C:\Users\npandey1\Desktop\RestDataLayer\RestDataLayer.Test\bin\Debug\RestDataLayer.Test.dll" total="2" errors="0" failures="2" not-run="0" inconclusive="0" ignored="0" skipped="0" invalid="0" date="2013-03-19" time="12:47:19">
  <environment nunit-version="2.6.2.12296" clr-version="2.0.50727.5466" os-version="Microsoft Windows NT 6.1.7601 Service Pack 1" platform="Win32NT" cwd="C:\Program Files (x86)\Microsoft Visual Studio 10.0\VC" machine-name="NDHD203776" user="npandey1" user-domain="IEAMS" />
  <culture-info current-culture="en-US" current-uiculture="en-US" />
  <test-suite type="Assembly" name="C:\Users\npandey1\Desktop\RestDataLayer\RestDataLayer.Test\bin\Debug\RestDataLayer.Test.dll" executed="True" result="Failure" success="False" time="0.310" asserts="0">
    <results>
      <test-suite type="Namespace" name="RestDataLayer" executed="True" result="Failure" success="False" time="0.304" asserts="0">
        <results>
          <test-suite type="Namespace" name="Test" executed="True" result="Failure" success="False" time="0.304" asserts="0">
            <results>
              <test-suite type="TestFixture" name="Tests" executed="True" result="Error" success="False" time="0.302" asserts="0">
                <failure>
                  <message><![CDATA[SetUp : System.ApplicationException : Error in getting dictionary]]></message>
                  <stack-trace><![CDATA[at Bechtel.DataLayer.RestDataLayer3.GetDictionary() in c:\Users\npandey1\Desktop\RestDataLayer\RestDataLayer\RestDataLayer3.cs:line 102
at RestDataLayer.Test.Tests.GetObjectDefinition(String objectType) in c:\Users\npandey1\Desktop\RestDataLayer\RestDataLayer.Test\Test.cs:line 284
at RestDataLayer.Test.Tests..ctor() in c:\Users\npandey1\Desktop\RestDataLayer\RestDataLayer.Test\Test.cs:line 66
]]></stack-trace>
                </failure>
                <results>
                  <test-case name="RestDataLayer.Test.Tests.Test_Dictionary_Creation" executed="True" result="Failure" success="False" time="0.000" asserts="0">
                    <failure>
                      <message><![CDATA[TestFixtureSetUp failed in Tests]]></message>
                      <stack-trace />
                    </failure>
                  </test-case>
                  <test-case name="RestDataLayer.Test.Tests.Test_GetDataTable" executed="True" result="Failure" success="False" time="0.000" asserts="0">
                    <failure>
                      <message><![CDATA[TestFixtureSetUp failed in Tests]]></message>
                      <stack-trace />
                    </failure>
                  </test-case>
                </results>
              </test-suite>
            </results>
          </test-suite>
        </results>
      </test-suite>
    </results>
  </test-suite>
</test-results>