<?xml version="1.0" encoding="utf-8" standalone="no"?>
<!--This file represents the results of running a test suite-->
<test-results name="C:\iring-tools\branches\datalayers\SPPIDDataLayer\SPPIDDataLayer.NUnit\SPPIDDataLayer.NUnit.vbproj" total="10" errors="0" failures="0" not-run="0" inconclusive="0" ignored="0" skipped="0" invalid="0" date="2012-02-27" time="09:09:14">
  <environment nunit-version="2.5.8.10295" clr-version="4.0.30319.239" os-version="Microsoft Windows NT 6.1.7600.0" platform="Win32NT" cwd="C:\iring-tools\branches\datalayers\SPPIDDataLayer\library\nunit\NUnit.Runner\bin\Debug" machine-name="FREL19628" user="rpdecarl" user-domain="IAMERS" />
  <culture-info current-culture="en-US" current-uiculture="en-US" />
  <test-suite type="Project" name="C:\iring-tools\branches\datalayers\SPPIDDataLayer\SPPIDDataLayer.NUnit\SPPIDDataLayer.NUnit.vbproj" executed="True" result="Success" success="True" time="521.572" asserts="0">
    <results>
      <test-suite type="Assembly" name="C:\iring-tools\branches\datalayers\SPPIDDataLayer\SPPIDDataLayer.NUnit\bin\Debug\Tests.dll" executed="True" result="Success" success="True" time="521.568" asserts="0">
        <results>
          <test-suite type="Namespace" name="Tests" executed="True" result="Success" success="True" time="521.567" asserts="0">
            <results>
              <test-suite type="TestFixture" name="Test" executed="True" result="Success" success="True" time="521.564" asserts="0">
                <results>
                  <test-case name="Tests.Test.TestGetCountWithFilter" executed="True" result="Success" success="True" time="6.738" asserts="1" />
                  <test-case name="Tests.Test.TestGetDictionary" executed="True" result="Success" success="True" time="0.050" asserts="1" />
                  <test-case name="Tests.Test.TestGetIdentifiersWithFilter" executed="True" result="Success" success="True" time="0.792" asserts="1" />
                  <test-case name="Tests.Test.TestGetObjects" executed="True" result="Success" success="True" time="0.259" asserts="1" />
                  <test-case name="Tests.Test.TestGetPage" executed="True" result="Success" success="True" time="0.509" asserts="1" />
                  <test-case name="Tests.Test.TestGetPageWithFilter" executed="True" result="Success" success="True" time="0.257" asserts="1" />
                  <test-case name="Tests.Test.TestGetTotalCount" executed="True" result="Success" success="True" time="0.251" asserts="2" />
                  <test-case name="Tests.Test.TestGetWithIdentifiers" executed="True" result="Success" success="True" time="0.528" asserts="1" />
                  <test-case name="Tests.Test.TestRefresh" executed="True" result="Success" success="True" time="86.830" asserts="1" />
                  <test-case name="Tests.Test.TestRefreshAll" executed="True" result="Success" success="True" time="396.416" asserts="1" />
                </results>
              </test-suite>
            </results>
          </test-suite>
        </results>
      </test-suite>
    </results>
  </test-suite>
</test-results>