<?xml version="1.0" encoding="utf-8" standalone="no"?>
<!--This file represents the results of running a test suite-->
<test-results name="C:\iring-tools\branches\datalayers\CSVDataLayer\CSVDataLayer.NUnit\CSVDataLayer.NUnit.csproj" total="4" errors="0" failures="4" not-run="0" inconclusive="0" ignored="0" skipped="0" invalid="0" date="2011-03-22" time="12:22:05">
  <environment nunit-version="2.5.8.10295" clr-version="4.0.30319.225" os-version="Microsoft Windows NT 6.1.7600.0" platform="Win32NT" cwd="C:\iring-tools\branches\datalayers\CSVDataLayer\lib\nunit\NUnit.Runner\bin\Debug" machine-name="FREL19628" user="rpdecarl" user-domain="IAMERS" />
  <culture-info current-culture="en-US" current-uiculture="en-US" />
  <test-suite type="Project" name="C:\iring-tools\branches\datalayers\CSVDataLayer\CSVDataLayer.NUnit\CSVDataLayer.NUnit.csproj" executed="True" result="Failure" success="False" time="0.101" asserts="0">
    <results>
      <test-suite type="Assembly" name="C:\iring-tools\branches\datalayers\CSVDataLayer\CSVDataLayer.NUnit\bin\Debug\Tests.dll" executed="True" result="Failure" success="False" time="0.089" asserts="0">
        <results>
          <test-suite type="Namespace" name="iRINGTools" executed="True" result="Failure" success="False" time="0.086" asserts="0">
            <results>
              <test-suite type="Namespace" name="SDK" executed="True" result="Failure" success="False" time="0.084" asserts="0">
                <results>
                  <test-suite type="Namespace" name="CSVDataLayer" executed="True" result="Failure" success="False" time="0.041" asserts="0">
                    <results>
                      <test-suite type="TestFixture" name="CSVDataLayerTest" executed="True" result="Error" success="False" time="0.038" asserts="0">
                        <failure>
                          <message><![CDATA[SetUp : System.IO.DirectoryNotFoundException : Could not find a part of the path 'C:\iring-tools-2.0.x\iRINGTools.SDK\CSVDataLayer'.]]></message>
                          <stack-trace><![CDATA[at System.IO.__Error.WinIOError(Int32 errorCode, String maybeFullPath)
at System.IO.Directory.SetCurrentDirectory(String path)
at iRINGTools.SDK.CSVDataLayer.CSVDataLayerTest..ctor() in C:\iring-tools\branches\datalayers\CSVDataLayer\CSVDataLayer.NUnit\Test.cs:line 31
]]></stack-trace>
                        </failure>
                        <results>
                          <test-case name="iRINGTools.SDK.CSVDataLayer.CSVDataLayerTest.Create" executed="True" result="Failure" success="False" time="0.000" asserts="0">
                            <failure>
                              <message><![CDATA[TestFixtureSetUp failed in CSVDataLayerTest]]></message>
                              <stack-trace />
                            </failure>
                          </test-case>
                          <test-case name="iRINGTools.SDK.CSVDataLayer.CSVDataLayerTest.GetDictionary" executed="True" result="Failure" success="False" time="0.000" asserts="0">
                            <failure>
                              <message><![CDATA[TestFixtureSetUp failed in CSVDataLayerTest]]></message>
                              <stack-trace />
                            </failure>
                          </test-case>
                          <test-case name="iRINGTools.SDK.CSVDataLayer.CSVDataLayerTest.Read" executed="True" result="Failure" success="False" time="0.000" asserts="0">
                            <failure>
                              <message><![CDATA[TestFixtureSetUp failed in CSVDataLayerTest]]></message>
                              <stack-trace />
                            </failure>
                          </test-case>
                          <test-case name="iRINGTools.SDK.CSVDataLayer.CSVDataLayerTest.ReadWithFilter" executed="True" result="Failure" success="False" time="0.000" asserts="0">
                            <failure>
                              <message><![CDATA[TestFixtureSetUp failed in CSVDataLayerTest]]></message>
                              <stack-trace />
                            </failure>
                          </test-case>
                        </results>
                      </test-suite>
                    </results>
                  </test-suite>
                </results>
              </test-suite>
            </results>
          </test-suite>
        </results>
      </test-suite>
    </results>
  </test-suite>
</test-results>