<?xml version="1.0" encoding="utf-8" standalone="no"?>
<!--This file represents the results of running a test suite-->
<test-results name="C:\iring-tools\branches\datalayers\CSVDataLayer\CSVDataLayer.NUnit\CSVDataLayer.NUnit.csproj" total="4" errors="0" failures="0" not-run="0" inconclusive="0" ignored="0" skipped="0" invalid="0" date="2011-03-27" time="23:27:05">
  <environment nunit-version="2.5.8.10295" clr-version="4.0.30319.225" os-version="Microsoft Windows NT 6.1.7600.0" platform="Win32NT" cwd="C:\iring-tools\branches\datalayers\CSVDataLayer\lib\nunit\NUnit.Runner\bin\Debug" machine-name="FREL19628" user="rpdecarl" user-domain="IAMERS" />
  <culture-info current-culture="en-US" current-uiculture="en-US" />
  <test-suite type="Project" name="C:\iring-tools\branches\datalayers\CSVDataLayer\CSVDataLayer.NUnit\CSVDataLayer.NUnit.csproj" executed="True" result="Success" success="True" time="1.629" asserts="0">
    <results>
      <test-suite type="Assembly" name="C:\iring-tools\branches\datalayers\CSVDataLayer\CSVDataLayer.NUnit\bin\Debug\Tests.dll" executed="True" result="Success" success="True" time="1.624" asserts="0">
        <results>
          <test-suite type="Namespace" name="iRINGTools" executed="True" result="Success" success="True" time="1.624" asserts="0">
            <results>
              <test-suite type="Namespace" name="SDK" executed="True" result="Success" success="True" time="1.622" asserts="0">
                <results>
                  <test-suite type="Namespace" name="CSVDataLayer" executed="True" result="Success" success="True" time="1.619" asserts="0">
                    <results>
                      <test-suite type="TestFixture" name="CSVDataLayerTest" executed="True" result="Success" success="True" time="1.615" asserts="0">
                        <results>
                          <test-case name="iRINGTools.SDK.CSVDataLayer.CSVDataLayerTest.Create" executed="True" result="Success" success="True" time="0.367" asserts="1" />
                          <test-case name="iRINGTools.SDK.CSVDataLayer.CSVDataLayerTest.GetDictionary" executed="True" result="Success" success="True" time="0.894" asserts="2" />
                          <test-case name="iRINGTools.SDK.CSVDataLayer.CSVDataLayerTest.Read" executed="True" result="Success" success="True" time="0.007" asserts="28" />
                          <test-case name="iRINGTools.SDK.CSVDataLayer.CSVDataLayerTest.ReadWithFilter" executed="True" result="Success" success="True" time="0.005" asserts="15" />
                        </results>
                      </test-suite>
                    </results>
                  </test-suite>
                </results>
              </test-suite>
            </results>
          </test-suite>
        </results>
      </test-suite>
    </results>
  </test-suite>
</test-results>