<?xml version="1.0" encoding="utf-8" standalone="no"?>
<!--This file represents the results of running a test suite-->
<test-results name="C:\IRINGTools\Adapter\Tests\NUnit.Tests\NUnit.Tests.csproj" total="1" errors="0" failures="0" not-run="0" inconclusive="0" ignored="0" skipped="0" invalid="0" date="2013-12-13" time="07:41:42">
  <environment nunit-version="2.5.9.10348" clr-version="4.0.30319.1008" os-version="Microsoft Windows NT 6.1.7601 Service Pack 1" platform="Win32NT" cwd="C:\IRINGTools\Adapter\Tests\NUnit.Runner\bin\Debug" machine-name="RESL117562" user="fkargarm" user-domain="IAMERS" />
  <culture-info current-culture="en-US" current-uiculture="en-US" />
  <test-suite type="Project" name="C:\IRINGTools\Adapter\Tests\NUnit.Tests\NUnit.Tests.csproj" executed="True" result="Success" success="True" time="1.494" asserts="0">
    <results>
      <test-suite type="Assembly" name="C:\IRINGTools\Adapter\Tests\NUnit.Tests\Bin\NUnit.Tests.dll" executed="True" result="Success" success="True" time="1.494" asserts="0">
        <results>
          <test-suite type="Namespace" name="NUnit" executed="True" result="Success" success="True" time="1.494" asserts="0">
            <results>
              <test-suite type="Namespace" name="Tests" executed="True" result="Success" success="True" time="1.494" asserts="0">
                <results>
                  <test-suite type="TestFixture" name="AdapterTest" executed="True" result="Success" success="True" time="1.494" asserts="0">
                    <results>
                      <test-case name="NUnit.Tests.AdapterTest.GetTipDictionary" executed="True" result="Success" success="True" time="1.486" asserts="1" />
                    </results>
                  </test-suite>
                </results>
              </test-suite>
            </results>
          </test-suite>
        </results>
      </test-suite>
    </results>
  </test-suite>
</test-results>