<?xml version="1.0" encoding="UTF-8"?>
<TestRun id="77bfd1f2-9915-4695-896a-2745f2968d5d" name="VANR6572@AUS10481 2011-05-30 09:23:53" runUser="HATCHGLOBAL\VANR6572" xmlns="http://microsoft.com/schemas/VisualStudio/TeamTest/2010">
  <TestSettings name="Local" id="db2218b0-d6c1-4a95-a540-fcde77fa22f8">
    <Description>These are default test settings for a local test run.</Description>
    <Deployment enabled="false" runDeploymentRoot="VANR6572_AUS10481 2011-05-30 09_23_53">
      <DeploymentItem filename="C:\Users\vanr6572\Projects\iRINGTools TDD\iRINGTools.MVC\iRINGTools.Services\bin\Debug\iRINGTools.Services.dll" />
      <DeploymentItem filename="C:\Users\vanr6572\Projects\iRINGTools TDD\iRINGTools.MVC\iRINGTools.Data\bin\Debug\iRINGTools.Data.dll" />
      <DeploymentItem filename="C:\Users\vanr6572\Projects\iRINGTools TDD\iRINGTools.MVC\packages\Ninject.2.2.1.4\lib\net40-Full\Ninject.dll" />
    </Deployment>
    <Execution>
      <TestTypeSpecific />
      <AgentRule name="Execution Agents">
      </AgentRule>
    </Execution>
  </TestSettings>
  <Times creation="2011-05-30T09:23:53.5036114+10:00" queuing="2011-05-30T09:23:54.4676665+10:00" start="2011-05-30T09:23:54.5556715+10:00" finish="2011-05-30T09:23:55.6587346+10:00" />
  <ResultSummary outcome="Failed">
    <Counters total="9" executed="9" passed="8" error="0" failed="1" timeout="0" aborted="0" inconclusive="0" passedButRunAborted="0" notRunnable="0" notExecuted="0" disconnected="0" warning="0" completed="0" inProgress="0" pending="0" />
  </ResultSummary>
  <TestDefinitions>
    <UnitTest name="Scope_ShouldHave_Name_Description_Fields" storage="c:\users\vanr6572\projects\iringtools tdd\iringtools.mvc\iringtools.tests\bin\debug\iringtools.tests.dll" id="9a3921c6-62a2-7333-d816-3168c7d34ea5">
      <Execution id="c453570b-e189-4e26-ab43-0bb6f60a0f14" />
      <TestMethod codeBase="C:/Users/vanr6572/Projects/iRINGTools TDD/iRINGTools.MVC/iRINGTools.Tests/bin/Debug/iRINGTools.Tests.DLL" adapterTypeName="Microsoft.VisualStudio.TestTools.TestTypes.Unit.UnitTestAdapter, Microsoft.VisualStudio.QualityTools.Tips.UnitTest.Adapter, Version=10.0.0.0, Culture=neutral, PublicKeyToken=b03f5f7f11d50a3a" className="iRINGTools.Tests.GeneralTests, iRINGTools.Tests, Version=1.0.0.0, Culture=neutral, PublicKeyToken=null" name="Scope_ShouldHave_Name_Description_Fields" />
    </UnitTest>
    <UnitTest name="AdapterService_Can_Get_Scopes_From_Service" storage="c:\users\vanr6572\projects\iringtools tdd\iringtools.mvc\iringtools.tests\bin\debug\iringtools.tests.dll" id="1e8d0d9e-014f-181f-6089-ad7cd9257811">
      <Execution id="c98dc0b3-0ca3-4012-a2e0-00c9193855fa" />
      <TestMethod codeBase="C:/Users/vanr6572/Projects/iRINGTools TDD/iRINGTools.MVC/iRINGTools.Tests/bin/Debug/iRINGTools.Tests.DLL" adapterTypeName="Microsoft.VisualStudio.TestTools.TestTypes.Unit.UnitTestAdapter, Microsoft.VisualStudio.QualityTools.Tips.UnitTest.Adapter, Version=10.0.0.0, Culture=neutral, PublicKeyToken=b03f5f7f11d50a3a" className="iRINGTools.Tests.GeneralTests, iRINGTools.Tests, Version=1.0.0.0, Culture=neutral, PublicKeyToken=null" name="AdapterService_Can_Get_Scopes_From_Service" />
    </UnitTest>
    <UnitTest name="Repository_Returns_Single_Application_When_Filtered_By_Name_Application1" storage="c:\users\vanr6572\projects\iringtools tdd\iringtools.mvc\iringtools.tests\bin\debug\iringtools.tests.dll" id="030facb6-6892-78a5-8476-4f0ad5297b20">
      <Execution id="f0d8c08c-3ea8-489a-9657-151b0fe52429" />
      <TestMethod codeBase="C:/Users/vanr6572/Projects/iRINGTools TDD/iRINGTools.MVC/iRINGTools.Tests/bin/Debug/iRINGTools.Tests.DLL" adapterTypeName="Microsoft.VisualStudio.TestTools.TestTypes.Unit.UnitTestAdapter, Microsoft.VisualStudio.QualityTools.Tips.UnitTest.Adapter, Version=10.0.0.0, Culture=neutral, PublicKeyToken=b03f5f7f11d50a3a" className="iRINGTools.Tests.GeneralTests, iRINGTools.Tests, Version=1.0.0.0, Culture=neutral, PublicKeyToken=null" name="Repository_Returns_Single_Application_When_Filtered_By_Name_Application1" />
    </UnitTest>
    <UnitTest name="AdapterService_Has_25_Applications_From_Service" storage="c:\users\vanr6572\projects\iringtools tdd\iringtools.mvc\iringtools.tests\bin\debug\iringtools.tests.dll" id="04849548-ec1d-1029-f21a-76e5300f7754">
      <Execution id="86b3dc88-3f79-4715-9d6c-932d6aa2aa0f" />
      <TestMethod codeBase="C:/Users/vanr6572/Projects/iRINGTools TDD/iRINGTools.MVC/iRINGTools.Tests/bin/Debug/iRINGTools.Tests.DLL" adapterTypeName="Microsoft.VisualStudio.TestTools.TestTypes.Unit.UnitTestAdapter, Microsoft.VisualStudio.QualityTools.Tips.UnitTest.Adapter, Version=10.0.0.0, Culture=neutral, PublicKeyToken=b03f5f7f11d50a3a" className="iRINGTools.Tests.GeneralTests, iRINGTools.Tests, Version=1.0.0.0, Culture=neutral, PublicKeyToken=null" name="AdapterService_Has_25_Applications_From_Service" />
    </UnitTest>
    <UnitTest name="AdapterService_Has_5_Scopes_From_Service" storage="c:\users\vanr6572\projects\iringtools tdd\iringtools.mvc\iringtools.tests\bin\debug\iringtools.tests.dll" id="d85d53f8-0eaf-cada-afbe-0453396b4d95">
      <Execution id="1394fa59-2ad4-408a-aaba-9d5a4d0e5cbb" />
      <TestMethod codeBase="C:/Users/vanr6572/Projects/iRINGTools TDD/iRINGTools.MVC/iRINGTools.Tests/bin/Debug/iRINGTools.Tests.DLL" adapterTypeName="Microsoft.VisualStudio.TestTools.TestTypes.Unit.UnitTestAdapter, Microsoft.VisualStudio.QualityTools.Tips.UnitTest.Adapter, Version=10.0.0.0, Culture=neutral, PublicKeyToken=b03f5f7f11d50a3a" className="iRINGTools.Tests.GeneralTests, iRINGTools.Tests, Version=1.0.0.0, Culture=neutral, PublicKeyToken=null" name="AdapterService_Has_5_Scopes_From_Service" />
    </UnitTest>
    <UnitTest name="AdapterRepository_Repository_Scopes_IsNotNull" storage="c:\users\vanr6572\projects\iringtools tdd\iringtools.mvc\iringtools.tests\bin\debug\iringtools.tests.dll" id="b15d91b5-816b-211e-2a77-f200bd908121">
      <Execution id="f9724092-0859-4399-a2c3-259c7565480e" />
      <TestMethod codeBase="C:/Users/vanr6572/Projects/iRINGTools TDD/iRINGTools.MVC/iRINGTools.Tests/bin/Debug/iRINGTools.Tests.DLL" adapterTypeName="Microsoft.VisualStudio.TestTools.TestTypes.Unit.UnitTestAdapter, Microsoft.VisualStudio.QualityTools.Tips.UnitTest.Adapter, Version=10.0.0.0, Culture=neutral, PublicKeyToken=b03f5f7f11d50a3a" className="iRINGTools.Tests.GeneralTests, iRINGTools.Tests, Version=1.0.0.0, Culture=neutral, PublicKeyToken=null" name="AdapterRepository_Repository_Scopes_IsNotNull" />
    </UnitTest>
    <UnitTest name="Application_ShouldHave_Name_Description_Fields" storage="c:\users\vanr6572\projects\iringtools tdd\iringtools.mvc\iringtools.tests\bin\debug\iringtools.tests.dll" id="a94076f1-aed3-07d7-bef6-2077b63bd438">
      <Execution id="1d7ad0ad-c969-40d4-8d48-4a00fb2484b4" />
      <TestMethod codeBase="C:/Users/vanr6572/Projects/iRINGTools TDD/iRINGTools.MVC/iRINGTools.Tests/bin/Debug/iRINGTools.Tests.DLL" adapterTypeName="Microsoft.VisualStudio.TestTools.TestTypes.Unit.UnitTestAdapter, Microsoft.VisualStudio.QualityTools.Tips.UnitTest.Adapter, Version=10.0.0.0, Culture=neutral, PublicKeyToken=b03f5f7f11d50a3a" className="iRINGTools.Tests.GeneralTests, iRINGTools.Tests, Version=1.0.0.0, Culture=neutral, PublicKeyToken=null" name="Application_ShouldHave_Name_Description_Fields" />
    </UnitTest>
    <UnitTest name="DataLayerRepository_Has_5_DataLayerTypes_From_Service" storage="c:\users\vanr6572\projects\iringtools tdd\iringtools.mvc\iringtools.tests\bin\debug\iringtools.tests.dll" id="df908f13-fe48-07ef-5404-de2dfa1a42b9">
      <Execution id="e84c3468-3d14-40b5-95ca-2d2621763d1f" />
      <TestMethod codeBase="C:/Users/vanr6572/Projects/iRINGTools TDD/iRINGTools.MVC/iRINGTools.Tests/bin/Debug/iRINGTools.Tests.DLL" adapterTypeName="Microsoft.VisualStudio.TestTools.TestTypes.Unit.UnitTestAdapter, Microsoft.VisualStudio.QualityTools.Tips.UnitTest.Adapter, Version=10.0.0.0, Culture=neutral, PublicKeyToken=b03f5f7f11d50a3a" className="iRINGTools.Tests.GeneralTests, iRINGTools.Tests, Version=1.0.0.0, Culture=neutral, PublicKeyToken=null" name="DataLayerRepository_Has_5_DataLayerTypes_From_Service" />
    </UnitTest>
    <UnitTest name="Repository_Returns_Single_Scope_When_Filtered_By_Name_Scope1" storage="c:\users\vanr6572\projects\iringtools tdd\iringtools.mvc\iringtools.tests\bin\debug\iringtools.tests.dll" id="7d3f3e1b-387b-200f-da84-8ecefb8cd361">
      <Execution id="5f21a6f8-ac6b-4fac-8926-93d1e5923377" />
      <TestMethod codeBase="C:/Users/vanr6572/Projects/iRINGTools TDD/iRINGTools.MVC/iRINGTools.Tests/bin/Debug/iRINGTools.Tests.DLL" adapterTypeName="Microsoft.VisualStudio.TestTools.TestTypes.Unit.UnitTestAdapter, Microsoft.VisualStudio.QualityTools.Tips.UnitTest.Adapter, Version=10.0.0.0, Culture=neutral, PublicKeyToken=b03f5f7f11d50a3a" className="iRINGTools.Tests.GeneralTests, iRINGTools.Tests, Version=1.0.0.0, Culture=neutral, PublicKeyToken=null" name="Repository_Returns_Single_Scope_When_Filtered_By_Name_Scope1" />
    </UnitTest>
  </TestDefinitions>
  <TestLists>
    <TestList name="Results Not in a List" id="8c84fa94-04c1-424b-9868-57a2d4851a1d" />
    <TestList name="All Loaded Results" id="19431567-8539-422a-85d7-44ee4e166bda" />
  </TestLists>
  <TestEntries>
    <TestEntry testId="030facb6-6892-78a5-8476-4f0ad5297b20" executionId="f0d8c08c-3ea8-489a-9657-151b0fe52429" testListId="8c84fa94-04c1-424b-9868-57a2d4851a1d" />
    <TestEntry testId="04849548-ec1d-1029-f21a-76e5300f7754" executionId="86b3dc88-3f79-4715-9d6c-932d6aa2aa0f" testListId="8c84fa94-04c1-424b-9868-57a2d4851a1d" />
    <TestEntry testId="1e8d0d9e-014f-181f-6089-ad7cd9257811" executionId="c98dc0b3-0ca3-4012-a2e0-00c9193855fa" testListId="8c84fa94-04c1-424b-9868-57a2d4851a1d" />
    <TestEntry testId="7d3f3e1b-387b-200f-da84-8ecefb8cd361" executionId="5f21a6f8-ac6b-4fac-8926-93d1e5923377" testListId="8c84fa94-04c1-424b-9868-57a2d4851a1d" />
    <TestEntry testId="9a3921c6-62a2-7333-d816-3168c7d34ea5" executionId="c453570b-e189-4e26-ab43-0bb6f60a0f14" testListId="8c84fa94-04c1-424b-9868-57a2d4851a1d" />
    <TestEntry testId="a94076f1-aed3-07d7-bef6-2077b63bd438" executionId="1d7ad0ad-c969-40d4-8d48-4a00fb2484b4" testListId="8c84fa94-04c1-424b-9868-57a2d4851a1d" />
    <TestEntry testId="b15d91b5-816b-211e-2a77-f200bd908121" executionId="f9724092-0859-4399-a2c3-259c7565480e" testListId="8c84fa94-04c1-424b-9868-57a2d4851a1d" />
    <TestEntry testId="d85d53f8-0eaf-cada-afbe-0453396b4d95" executionId="1394fa59-2ad4-408a-aaba-9d5a4d0e5cbb" testListId="8c84fa94-04c1-424b-9868-57a2d4851a1d" />
    <TestEntry testId="df908f13-fe48-07ef-5404-de2dfa1a42b9" executionId="e84c3468-3d14-40b5-95ca-2d2621763d1f" testListId="8c84fa94-04c1-424b-9868-57a2d4851a1d" />
  </TestEntries>
  <Results>
    <UnitTestResult executionId="f0d8c08c-3ea8-489a-9657-151b0fe52429" testId="030facb6-6892-78a5-8476-4f0ad5297b20" testName="Repository_Returns_Single_Application_When_Filtered_By_Name_Application1" computerName="AUS10481" duration="00:00:00.2260365" startTime="2011-05-30T09:23:54.6146749+10:00" endTime="2011-05-30T09:23:55.2027085+10:00" testType="13cdc9d9-ddb5-4fa4-a97d-d965ccfc6d4b" outcome="Passed" testListId="8c84fa94-04c1-424b-9868-57a2d4851a1d" relativeResultsDirectory="f0d8c08c-3ea8-489a-9657-151b0fe52429">
    </UnitTestResult>
    <UnitTestResult executionId="86b3dc88-3f79-4715-9d6c-932d6aa2aa0f" testId="04849548-ec1d-1029-f21a-76e5300f7754" testName="AdapterService_Has_25_Applications_From_Service" computerName="AUS10481" duration="00:00:00.1435512" startTime="2011-05-30T09:23:55.2057087+10:00" endTime="2011-05-30T09:23:55.3637177+10:00" testType="13cdc9d9-ddb5-4fa4-a97d-d965ccfc6d4b" outcome="Passed" testListId="8c84fa94-04c1-424b-9868-57a2d4851a1d" relativeResultsDirectory="86b3dc88-3f79-4715-9d6c-932d6aa2aa0f">
    </UnitTestResult>
    <UnitTestResult executionId="c98dc0b3-0ca3-4012-a2e0-00c9193855fa" testId="1e8d0d9e-014f-181f-6089-ad7cd9257811" testName="AdapterService_Can_Get_Scopes_From_Service" computerName="AUS10481" duration="00:00:00.0007549" startTime="2011-05-30T09:23:55.3657179+10:00" endTime="2011-05-30T09:23:55.3707181+10:00" testType="13cdc9d9-ddb5-4fa4-a97d-d965ccfc6d4b" outcome="Passed" testListId="8c84fa94-04c1-424b-9868-57a2d4851a1d" relativeResultsDirectory="c98dc0b3-0ca3-4012-a2e0-00c9193855fa">
    </UnitTestResult>
    <UnitTestResult executionId="5f21a6f8-ac6b-4fac-8926-93d1e5923377" testId="7d3f3e1b-387b-200f-da84-8ecefb8cd361" testName="Repository_Returns_Single_Scope_When_Filtered_By_Name_Scope1" computerName="AUS10481" duration="00:00:00.0029791" startTime="2011-05-30T09:23:55.3727183+10:00" endTime="2011-05-30T09:23:55.3797187+10:00" testType="13cdc9d9-ddb5-4fa4-a97d-d965ccfc6d4b" outcome="Passed" testListId="8c84fa94-04c1-424b-9868-57a2d4851a1d" relativeResultsDirectory="5f21a6f8-ac6b-4fac-8926-93d1e5923377">
    </UnitTestResult>
    <UnitTestResult executionId="c453570b-e189-4e26-ab43-0bb6f60a0f14" testId="9a3921c6-62a2-7333-d816-3168c7d34ea5" testName="Scope_ShouldHave_Name_Description_Fields" computerName="AUS10481" duration="00:00:00.0006657" startTime="2011-05-30T09:23:55.3817188+10:00" endTime="2011-05-30T09:23:55.3857190+10:00" testType="13cdc9d9-ddb5-4fa4-a97d-d965ccfc6d4b" outcome="Passed" testListId="8c84fa94-04c1-424b-9868-57a2d4851a1d" relativeResultsDirectory="c453570b-e189-4e26-ab43-0bb6f60a0f14">
    </UnitTestResult>
    <UnitTestResult executionId="1d7ad0ad-c969-40d4-8d48-4a00fb2484b4" testId="a94076f1-aed3-07d7-bef6-2077b63bd438" testName="Application_ShouldHave_Name_Description_Fields" computerName="AUS10481" duration="00:00:00.0003428" startTime="2011-05-30T09:23:55.3887192+10:00" endTime="2011-05-30T09:23:55.3927194+10:00" testType="13cdc9d9-ddb5-4fa4-a97d-d965ccfc6d4b" outcome="Passed" testListId="8c84fa94-04c1-424b-9868-57a2d4851a1d" relativeResultsDirectory="1d7ad0ad-c969-40d4-8d48-4a00fb2484b4">
    </UnitTestResult>
    <UnitTestResult executionId="f9724092-0859-4399-a2c3-259c7565480e" testId="b15d91b5-816b-211e-2a77-f200bd908121" testName="AdapterRepository_Repository_Scopes_IsNotNull" computerName="AUS10481" duration="00:00:00.0004291" startTime="2011-05-30T09:23:55.3957196+10:00" endTime="2011-05-30T09:23:55.3997198+10:00" testType="13cdc9d9-ddb5-4fa4-a97d-d965ccfc6d4b" outcome="Passed" testListId="8c84fa94-04c1-424b-9868-57a2d4851a1d" relativeResultsDirectory="f9724092-0859-4399-a2c3-259c7565480e">
    </UnitTestResult>
    <UnitTestResult executionId="1394fa59-2ad4-408a-aaba-9d5a4d0e5cbb" testId="d85d53f8-0eaf-cada-afbe-0453396b4d95" testName="AdapterService_Has_5_Scopes_From_Service" computerName="AUS10481" duration="00:00:00.0003760" startTime="2011-05-30T09:23:55.4027200+10:00" endTime="2011-05-30T09:23:55.4057201+10:00" testType="13cdc9d9-ddb5-4fa4-a97d-d965ccfc6d4b" outcome="Passed" testListId="8c84fa94-04c1-424b-9868-57a2d4851a1d" relativeResultsDirectory="1394fa59-2ad4-408a-aaba-9d5a4d0e5cbb">
    </UnitTestResult>
    <UnitTestResult executionId="e84c3468-3d14-40b5-95ca-2d2621763d1f" testId="df908f13-fe48-07ef-5404-de2dfa1a42b9" testName="DataLayerRepository_Has_5_DataLayerTypes_From_Service" computerName="AUS10481" duration="00:00:00.2060399" startTime="2011-05-30T09:23:55.4087203+10:00" endTime="2011-05-30T09:23:55.6197324+10:00" testType="13cdc9d9-ddb5-4fa4-a97d-d965ccfc6d4b" outcome="Failed" testListId="8c84fa94-04c1-424b-9868-57a2d4851a1d" relativeResultsDirectory="e84c3468-3d14-40b5-95ca-2d2621763d1f">
      <Output>
        <ErrorInfo>
          <Message>Assert.AreEqual failed. Expected:&lt;5&gt;. Actual:&lt;1&gt;. </Message>
          <StackTrace>   at iRINGTools.Tests.GeneralTests.DataLayerRepository_Has_5_DataLayerTypes_From_Service() in C:\Users\vanr6572\Projects\iRINGTools TDD\iRINGTools.MVC\iRINGTools.Tests\GeneralTests.cs:line 24
</StackTrace>
        </ErrorInfo>
      </Output>
    </UnitTestResult>
  </Results>
</TestRun>