<?xml version="1.0" encoding="UTF-8"?>
<TestRun id="1f7b0f14-b240-43b3-a0b3-5ef7948fe960" name="VANR6572@AUS10481 2011-05-26 16:12:54" runUser="HATCHGLOBAL\VANR6572" xmlns="http://microsoft.com/schemas/VisualStudio/TeamTest/2010">
  <TestSettings name="Local" id="db2218b0-d6c1-4a95-a540-fcde77fa22f8">
    <Description>These are default test settings for a local test run.</Description>
    <Deployment enabled="false" runDeploymentRoot="VANR6572_AUS10481 2011-05-26 16_12_54">
      <DeploymentItem filename="C:\Users\vanr6572\Projects\iRINGTools TDD\iRINGTools.MVC\iRINGTools.Services\bin\Debug\iRINGTools.Services.dll" />
      <DeploymentItem filename="C:\Users\vanr6572\Projects\iRINGTools TDD\iRINGTools.MVC\iRINGTools.Data\bin\Debug\iRINGTools.Data.dll" />
      <DeploymentItem filename="C:\Users\vanr6572\Projects\iRINGTools TDD\iRINGTools.MVC\packages\Ninject.2.2.1.4\lib\net40-Full\Ninject.dll" />
    </Deployment>
    <Execution>
      <TestTypeSpecific />
      <AgentRule name="Execution Agents">
      </AgentRule>
    </Execution>
  </TestSettings>
  <Times creation="2011-05-26T16:12:54.2777163+10:00" queuing="2011-05-26T16:12:56.6809566+10:00" start="2011-05-26T16:12:56.8549740+10:00" finish="2011-05-26T16:13:26.4889371+10:00" />
  <ResultSummary outcome="Error">
    <Counters total="1" executed="1" error="0" failed="0" timeout="0" aborted="1" inconclusive="0" passedButRunAborted="0" notRunnable="0" notExecuted="0" disconnected="0" warning="0" passed="0" completed="0" inProgress="0" pending="0" />
    <RunInfos>
      <RunInfo computerName="AUS10481" outcome="Error" timestamp="2011-05-26T16:13:26.4879370+10:00">
        <Text>Test host process exited unexpectedly.</Text>
      </RunInfo>
    </RunInfos>
  </ResultSummary>
  <TestDefinitions>
    <UnitTest name="AdapterService_XMLMappingRepository_IsNotNull" storage="c:\users\vanr6572\projects\iringtools tdd\iringtools.mvc\iringtools.intergrationtests\bin\debug\iringtools.intergrationtests.dll" id="04abccae-c913-ed20-0221-1bb25e2b2a98">
      <Execution id="2808e8ff-487a-413e-8fdf-b4056d41bc06" />
      <TestMethod codeBase="C:/Users/vanr6572/Projects/iRINGTools TDD/iRINGTools.MVC/iRINGTools.IntergrationTests/bin/Debug/iRINGTools.IntergrationTests.DLL" adapterTypeName="Microsoft.VisualStudio.TestTools.TestTypes.Unit.UnitTestAdapter, Microsoft.VisualStudio.QualityTools.Tips.UnitTest.Adapter, Version=10.0.0.0, Culture=neutral, PublicKeyToken=b03f5f7f11d50a3a" className="iRINGTools.IntergrationTests.IntergrationTests, iRINGTools.IntergrationTests, Version=1.0.0.0, Culture=neutral, PublicKeyToken=null" name="AdapterService_XMLMappingRepository_IsNotNull" />
    </UnitTest>
  </TestDefinitions>
  <TestLists>
    <TestList name="Results Not in a List" id="8c84fa94-04c1-424b-9868-57a2d4851a1d" />
    <TestList name="All Loaded Results" id="19431567-8539-422a-85d7-44ee4e166bda" />
  </TestLists>
  <TestEntries>
    <TestEntry testId="04abccae-c913-ed20-0221-1bb25e2b2a98" executionId="2808e8ff-487a-413e-8fdf-b4056d41bc06" testListId="8c84fa94-04c1-424b-9868-57a2d4851a1d" />
  </TestEntries>
  <Results>
    <UnitTestResult executionId="2808e8ff-487a-413e-8fdf-b4056d41bc06" testId="04abccae-c913-ed20-0221-1bb25e2b2a98" testName="AdapterService_XMLMappingRepository_IsNotNull" computerName="AUS10481" duration="00:00:29.4739471" startTime="2011-05-26T16:12:57.0149900+10:00" endTime="2011-05-26T16:13:26.4889371+10:00" testType="13cdc9d9-ddb5-4fa4-a97d-d965ccfc6d4b" outcome="Aborted" testListId="8c84fa94-04c1-424b-9868-57a2d4851a1d" relativeResultsDirectory="2808e8ff-487a-413e-8fdf-b4056d41bc06">
    </UnitTestResult>
  </Results>
</TestRun>