<?xml version="1.0" encoding="utf-8" standalone="no"?>
<!--This file represents the results of running a test suite-->
<test-results name="C:\PWSVN\PWDataLayer.Tests\PWDataLayer.Tests.csproj" total="7" errors="0" failures="0" not-run="0" inconclusive="0" ignored="0" skipped="0" invalid="0" date="2013-06-20" time="15:58:48">
  <environment nunit-version="2.5.9.10348" clr-version="2.0.50727.5466" os-version="Microsoft Windows NT 6.1.7601 Service Pack 1" platform="Win32NT" cwd="C:\PWSVN" machine-name="NDHD205064" user="gthakral" user-domain="IEAMS" />
  <culture-info current-culture="en-US" current-uiculture="en-US" />
  <test-suite type="Project" name="C:\PWSVN\PWDataLayer.Tests\PWDataLayer.Tests.csproj" executed="True" result="Success" success="True" time="96.630" asserts="0">
    <results>
      <test-suite type="Assembly" name="C:\PWSVN\PWDataLayer.Tests\bin\Debug\PWDataLayer.Tests.dll" executed="True" result="Success" success="True" time="96.627" asserts="0">
        <results>
          <test-suite type="Namespace" name="org" executed="True" result="Success" success="True" time="96.619" asserts="0">
            <results>
              <test-suite type="Namespace" name="iringtools" executed="True" result="Success" success="True" time="96.619" asserts="0">
                <results>
                  <test-suite type="Namespace" name="adapter" executed="True" result="Success" success="True" time="96.619" asserts="0">
                    <results>
                      <test-suite type="Namespace" name="datalayer" executed="True" result="Success" success="True" time="96.618" asserts="0">
                        <results>
                          <test-suite type="Namespace" name="test" executed="True" result="Success" success="True" time="96.614" asserts="0">
                            <results>
                              <test-suite type="TestFixture" name="Tests" executed="True" result="Success" success="True" time="96.614" asserts="0">
                                <results>
                                  <test-case name="org.iringtools.adapter.datalayer.test.Tests.Test_GetDataTable" executed="True" result="Success" success="True" time="14.146" asserts="1" />
                                  <test-case name="org.iringtools.adapter.datalayer.test.Tests.TestCreate" executed="True" result="Success" success="True" time="0.017" asserts="1" />
                                  <test-case name="org.iringtools.adapter.datalayer.test.Tests.TestDictionary" executed="True" result="Success" success="True" time="8.522" asserts="1" />
                                  <test-case name="org.iringtools.adapter.datalayer.test.Tests.TestGet" executed="True" result="Success" success="True" time="40.686" asserts="2" />
                                  <test-case name="org.iringtools.adapter.datalayer.test.Tests.TestGetContents" executed="True" result="Success" success="True" time="14.418" asserts="1" />
                                  <test-case name="org.iringtools.adapter.datalayer.test.Tests.TestPostContents" executed="True" result="Success" success="True" time="0.000" asserts="0" />
                                  <test-case name="org.iringtools.adapter.datalayer.test.Tests.TestPostWithContent" executed="True" result="Success" success="True" time="18.734" asserts="0" />
                                </results>
                              </test-suite>
                            </results>
                          </test-suite>
                        </results>
                      </test-suite>
                    </results>
                  </test-suite>
                </results>
              </test-suite>
            </results>
          </test-suite>
        </results>
      </test-suite>
    </results>
  </test-suite>
</test-results>