<?xml version="1.0" encoding="utf-8" standalone="no"?>
<!--This file represents the results of running a test suite-->
<test-results name="C:\iringtools_datalayers_googleCode\datalayers\SmartPlant3D\NUnit.Tests\NUnit.Tests.csproj" total="1" errors="0" failures="0" not-run="0" inconclusive="0" ignored="0" skipped="0" invalid="0" date="2013-08-08" time="16:40:56">
  <environment nunit-version="2.5.9.10348" clr-version="4.0.30319.296" os-version="Microsoft Windows NT 6.1.7600.0" platform="Win32NT" cwd="C:\iringtools_datalayers_googleCode\datalayers\SmartPlant3D\NUnit.Runner\bin\Debug" machine-name="NDHD201207" user="dkumar3" user-domain="IEAMS" />
  <culture-info current-culture="en-US" current-uiculture="en-US" />
  <test-suite type="Project" name="C:\iringtools_datalayers_googleCode\datalayers\SmartPlant3D\NUnit.Tests\NUnit.Tests.csproj" executed="True" result="Success" success="True" time="45.257" asserts="0">
    <results>
      <test-suite type="Assembly" name="C:\iringtools_datalayers_googleCode\datalayers\SmartPlant3D\NUnit.Tests\bin\Debug\NUnit.Tests.dll" executed="True" result="Success" success="True" time="45.253" asserts="0">
        <results>
          <test-suite type="Namespace" name="iringtools" executed="True" result="Success" success="True" time="45.251" asserts="0">
            <results>
              <test-suite type="Namespace" name="sdk" executed="True" result="Success" success="True" time="45.250" asserts="0">
                <results>
                  <test-suite type="Namespace" name="sp3ddatalayer" executed="True" result="Success" success="True" time="45.249" asserts="0">
                    <results>
                      <test-suite type="Namespace" name="test" executed="True" result="Success" success="True" time="45.248" asserts="0">
                        <results>
                          <test-suite type="TestFixture" name="Tests" executed="True" result="Success" success="True" time="45.242" asserts="0">
                            <results>
                              <test-case name="iringtools.sdk.sp3ddatalayer.test.Tests.TestDataObjects" executed="True" result="Success" success="True" time="44.690" asserts="6" />
                            </results>
                          </test-suite>
                        </results>
                      </test-suite>
                    </results>
                  </test-suite>
                </results>
              </test-suite>
            </results>
          </test-suite>
        </results>
      </test-suite>
    </results>
  </test-suite>
</test-results>