<?xml version="1.0" encoding="utf-8" standalone="no"?>
<!--This file represents the results of running a test suite-->
<test-results name="E:\iring-tools\branches\datalayers\Spreadsheet\SpreadsheetDataLayer.NUnit\SpreadsheetDataLayer.NUnit.csproj" total="3" errors="0" failures="0" not-run="0" inconclusive="0" ignored="0" skipped="0" invalid="0" date="2011-08-09" time="10:35:30">
  <environment nunit-version="2.5.8.10295" clr-version="4.0.30319.235" os-version="Microsoft Windows NT 6.1.7601 Service Pack 1" platform="Win32NT" cwd="E:\iring-tools\branches\datalayers\Spreadsheet\lib\nunit\NUnit.Runner\bin\Debug" machine-name="AUS10468" user="stry41802" user-domain="HATCHGLOBAL" />
  <culture-info current-culture="en-AU" current-uiculture="en-US" />
  <test-suite type="Project" name="E:\iring-tools\branches\datalayers\Spreadsheet\SpreadsheetDataLayer.NUnit\SpreadsheetDataLayer.NUnit.csproj" executed="True" result="Success" success="True" time="32.072" asserts="0">
    <results>
      <test-suite type="Namespace" name="iRINGTools" executed="True" result="Success" success="True" time="32.047" asserts="0">
        <results>
          <test-suite type="Namespace" name="SDK" executed="True" result="Success" success="True" time="32.025" asserts="0">
            <results>
              <test-suite type="Namespace" name="SpreadsheetDataLayer" executed="True" result="Success" success="True" time="31.999" asserts="0">
                <results>
                  <test-suite type="Namespace" name="NUnit" executed="True" result="Success" success="True" time="31.974" asserts="0">
                    <results>
                      <test-suite type="TestFixture" name="SpreadsheetDataLayerTest" executed="True" result="Success" success="True" time="31.941" asserts="0">
                        <results>
                          <test-case name="iRINGTools.SDK.SpreadsheetDataLayer.NUnit.SpreadsheetDataLayerTest.A_Delete" executed="True" result="Success" success="True" time="0.549" asserts="1" />
                          <test-case name="iRINGTools.SDK.SpreadsheetDataLayer.NUnit.SpreadsheetDataLayerTest.Create" executed="True" result="Success" success="True" time="0.037" asserts="1" />
                          <test-case name="iRINGTools.SDK.SpreadsheetDataLayer.NUnit.SpreadsheetDataLayerTest.GetDictionary" executed="True" result="Success" success="True" time="29.888" asserts="2" />
                        </results>
                      </test-suite>
                    </results>
                  </test-suite>
                </results>
              </test-suite>
            </results>
          </test-suite>
        </results>
      </test-suite>
    </results>
  </test-suite>
</test-results>