<?xml version="1.0" encoding="utf-8" standalone="no"?>
<!--This file represents the results of running a test suite-->
<test-results name="E:\iring-tools\Tests\NUnit.Tests\NUnit.Tests.csproj" total="58" errors="0" failures="0" not-run="0" inconclusive="0" ignored="0" skipped="0" invalid="0" date="2011-03-22" time="11:52:35">
  <environment nunit-version="2.5.9.10348" clr-version="4.0.30319.1" os-version="Microsoft Windows NT 5.2.3790 Service Pack 2" platform="Win32NT" cwd="E:\iring-tools\Tests\NUnit.Runner\bin\Debug" machine-name="LABST9415" user="rs-fwei" user-domain="IAMERS" />
  <culture-info current-culture="en-US" current-uiculture="en-US" />
  <test-suite type="Project" name="E:\iring-tools\Tests\NUnit.Tests\NUnit.Tests.csproj" executed="True" result="Success" success="True" time="75.969" asserts="0">
    <results>
      <test-suite type="Assembly" name="E:\iring-tools\Tests\NUnit.Tests\Bin\NUnit.Tests.dll" executed="True" result="Success" success="True" time="75.953" asserts="0">
        <results>
          <test-suite type="Namespace" name="NUnit" executed="True" result="Success" success="True" time="75.938" asserts="0">
            <results>
              <test-suite type="Namespace" name="Tests" executed="True" result="Success" success="True" time="75.938" asserts="0">
                <results>
                  <test-suite type="TestFixture" name="AdapterTest" executed="True" result="Success" success="True" time="8.953" asserts="0">
                    <results>
                      <test-case name="NUnit.Tests.AdapterTest.GetBinding" executed="True" result="Success" success="True" time="0.219" asserts="1" />
                      <test-case name="NUnit.Tests.AdapterTest.GetDataLayers" executed="True" result="Success" success="True" time="2.047" asserts="1" />
                      <test-case name="NUnit.Tests.AdapterTest.GetDictionary" executed="True" result="Success" success="True" time="5.313" asserts="1" />
                      <test-case name="NUnit.Tests.AdapterTest.GetMapping" executed="True" result="Success" success="True" time="0.000" asserts="1" />
                      <test-case name="NUnit.Tests.AdapterTest.GetScopes" executed="True" result="Success" success="True" time="0.000" asserts="1" />
                      <test-case name="NUnit.Tests.AdapterTest.UpdateBinding" executed="True" result="Success" success="True" time="0.047" asserts="2" />
                      <test-case name="NUnit.Tests.AdapterTest.UpdateMapping" executed="True" result="Success" success="True" time="0.156" asserts="2" />
                      <test-case name="NUnit.Tests.AdapterTest.UpdateScopes" executed="True" result="Success" success="True" time="0.016" asserts="2" />
                    </results>
                  </test-suite>
                  <test-suite type="TestFixture" name="DataTest" executed="True" result="Success" success="True" time="23.469" asserts="0">
                    <results>
                      <test-case name="NUnit.Tests.DataTest.GetDataFilterFull" executed="True" result="Success" success="True" time="2.766" asserts="1" />
                      <test-case name="NUnit.Tests.DataTest.GetDataFilterIndex" executed="True" result="Success" success="True" time="0.344" asserts="1" />
                      <test-case name="NUnit.Tests.DataTest.GetDataFilterPageSortFull" executed="True" result="Success" success="True" time="5.922" asserts="7" />
                      <test-case name="NUnit.Tests.DataTest.GetDataFilterPageSortIndex" executed="True" result="Success" success="True" time="2.281" asserts="7" />
                      <test-case name="NUnit.Tests.DataTest.GetFilterFull" executed="True" result="Success" success="True" time="0.328" asserts="1" />
                      <test-case name="NUnit.Tests.DataTest.GetFilterIndex" executed="True" result="Success" success="True" time="0.313" asserts="1" />
                      <test-case name="NUnit.Tests.DataTest.GetFilterPageSortFull" executed="True" result="Success" success="True" time="2.156" asserts="7" />
                      <test-case name="NUnit.Tests.DataTest.GetFilterPageSortIndex" executed="True" result="Success" success="True" time="2.266" asserts="7" />
                      <test-case name="NUnit.Tests.DataTest.GetFull" executed="True" result="Success" success="True" time="0.453" asserts="1" />
                      <test-case name="NUnit.Tests.DataTest.GetIndex" executed="True" result="Success" success="True" time="0.250" asserts="1" />
                      <test-case name="NUnit.Tests.DataTest.GetIndividual" executed="True" result="Success" success="True" time="0.406" asserts="1" />
                      <test-case name="NUnit.Tests.DataTest.GetPageFull" executed="True" result="Success" success="True" time="2.438" asserts="7" />
                      <test-case name="NUnit.Tests.DataTest.GetPageIndex" executed="True" result="Success" success="True" time="2.453" asserts="7" />
                      <test-case name="NUnit.Tests.DataTest.GetSortFull" executed="True" result="Success" success="True" time="0.797" asserts="1" />
                      <test-case name="NUnit.Tests.DataTest.GetSortIndex" executed="True" result="Success" success="True" time="0.297" asserts="1" />
                    </results>
                  </test-suite>
                  <test-suite type="TestFixture" name="DxfrTest" executed="True" result="Success" success="True" time="4.547" asserts="0">
                    <results>
                      <test-case name="NUnit.Tests.DxfrTest.GetDataTransferIndices" executed="True" result="Success" success="True" time="0.719" asserts="1" />
                      <test-case name="NUnit.Tests.DxfrTest.GetDataTransferIndicesWithDxiRequest" executed="True" result="Success" success="True" time="0.281" asserts="1" />
                      <test-case name="NUnit.Tests.DxfrTest.GetDataTransferIndicesWithFilter" executed="True" result="Success" success="True" time="0.234" asserts="1" />
                      <test-case name="NUnit.Tests.DxfrTest.GetDataTransferIndicesWithManifest" executed="True" result="Success" success="True" time="0.063" asserts="1" />
                      <test-case name="NUnit.Tests.DxfrTest.GetDataTransferObjects" executed="True" result="Success" success="True" time="0.391" asserts="1" />
                      <test-case name="NUnit.Tests.DxfrTest.GetDataTransferObjectsWithDxoRequest" executed="True" result="Success" success="True" time="0.359" asserts="1" />
                      <test-case name="NUnit.Tests.DxfrTest.GetManifest" executed="True" result="Success" success="True" time="0.031" asserts="1" />
                      <test-case name="NUnit.Tests.DxfrTest.PostDataTransferObjects" executed="True" result="Success" success="True" time="2.453" asserts="3" />
                    </results>
                  </test-suite>
                  <test-suite type="TestFixture" name="NHibernateTest" executed="True" result="Success" success="True" time="1.281" asserts="0">
                    <results>
                      <test-case name="NUnit.Tests.NHibernateTest.Generate" executed="True" result="Success" success="True" time="0.625" asserts="2" />
                      <test-case name="NUnit.Tests.NHibernateTest.GetDictionary" executed="True" result="Success" success="True" time="0.016" asserts="1" />
                      <test-case name="NUnit.Tests.NHibernateTest.GetProviders" executed="True" result="Success" success="True" time="0.000" asserts="1" />
                      <test-case name="NUnit.Tests.NHibernateTest.GetRelationships" executed="True" result="Success" success="True" time="0.000" asserts="1" />
                      <test-case name="NUnit.Tests.NHibernateTest.GetSchemaObjects" executed="True" result="Success" success="True" time="0.109" asserts="1" />
                      <test-case name="NUnit.Tests.NHibernateTest.GetSchemaObjectSchema" executed="True" result="Success" success="True" time="0.094" asserts="1" />
                      <test-case name="NUnit.Tests.NHibernateTest.PostDictionary" executed="True" result="Success" success="True" time="0.328" asserts="2" />
                    </results>
                  </test-suite>
                  <test-suite type="TestFixture" name="ReferenceDataTests" executed="True" result="Success" success="True" time="19.516" asserts="0">
                    <results>
                      <test-case name="NUnit.Tests.ReferenceDataTests.GetClass" executed="True" result="Success" success="True" time="7.031" asserts="1" />
                      <test-case name="NUnit.Tests.ReferenceDataTests.GetClassLabel" executed="True" result="Success" success="True" time="2.188" asserts="1" />
                      <test-case name="NUnit.Tests.ReferenceDataTests.GetRepositories" executed="True" result="Success" success="True" time="0.000" asserts="1" />
                      <test-case name="NUnit.Tests.ReferenceDataTests.GetTemplate" executed="True" result="Success" success="True" time="5.797" asserts="1" />
                      <test-case name="NUnit.Tests.ReferenceDataTests.Search" executed="True" result="Success" success="True" time="4.078" asserts="1" />
                    </results>
                  </test-suite>
                  <test-suite type="TestFixture" name="XmlTest" executed="True" result="Success" success="True" time="18.156" asserts="0">
                    <results>
                      <test-case name="NUnit.Tests.XmlTest.GetDataFilterFull" executed="True" result="Success" success="True" time="1.484" asserts="1" />
                      <test-case name="NUnit.Tests.XmlTest.GetDataFilterIndex" executed="True" result="Success" success="True" time="0.266" asserts="1" />
                      <test-case name="NUnit.Tests.XmlTest.GetDataFilterPageSortFull" executed="True" result="Success" success="True" time="3.516" asserts="7" />
                      <test-case name="NUnit.Tests.XmlTest.GetDataFilterPageSortIndex" executed="True" result="Success" success="True" time="2.016" asserts="7" />
                      <test-case name="NUnit.Tests.XmlTest.GetFilterFull" executed="True" result="Success" success="True" time="0.266" asserts="1" />
                      <test-case name="NUnit.Tests.XmlTest.GetFilterIndex" executed="True" result="Success" success="True" time="0.266" asserts="1" />
                      <test-case name="NUnit.Tests.XmlTest.GetFilterPageSortFull" executed="True" result="Success" success="True" time="2.109" asserts="7" />
                      <test-case name="NUnit.Tests.XmlTest.GetFilterPageSortIndex" executed="True" result="Success" success="True" time="2.047" asserts="7" />
                      <test-case name="NUnit.Tests.XmlTest.GetFull" executed="True" result="Success" success="True" time="0.391" asserts="1" />
                      <test-case name="NUnit.Tests.XmlTest.GetIndex" executed="True" result="Success" success="True" time="0.250" asserts="1" />
                      <test-case name="NUnit.Tests.XmlTest.GetIndividual" executed="True" result="Success" success="True" time="0.281" asserts="1" />
                      <test-case name="NUnit.Tests.XmlTest.GetPageFull" executed="True" result="Success" success="True" time="2.156" asserts="7" />
                      <test-case name="NUnit.Tests.XmlTest.GetPageIndex" executed="True" result="Success" success="True" time="1.984" asserts="7" />
                      <test-case name="NUnit.Tests.XmlTest.GetSortFull" executed="True" result="Success" success="True" time="0.750" asserts="1" />
                      <test-case name="NUnit.Tests.XmlTest.GetSortIndex" executed="True" result="Success" success="True" time="0.375" asserts="1" />
                    </results>
                  </test-suite>
                </results>
              </test-suite>
            </results>
          </test-suite>
        </results>
      </test-suite>
    </results>
  </test-suite>
</test-results>