<?xml version="1.0" encoding="utf-8" standalone="no"?>
<!--This file represents the results of running a test suite-->
<test-results name="C:\iring-tools-2.0.x\Tests\NUnit.Tests\NUnit.Tests.csproj" total="45" errors="0" failures="0" not-run="0" inconclusive="0" ignored="0" skipped="0" invalid="0" date="2011-02-20" time="22:45:04">
  <environment nunit-version="2.5.9.10348" clr-version="2.0.50727.4952" os-version="Microsoft Windows NT 6.1.7600.0" platform="Win32NT" cwd="C:\Program Files (x86)\NUnit 2.5.9\bin\net-2.0" machine-name="ROBDECARLO3B07" user="Administrator" user-domain="ROBDECARLO3B07" />
  <culture-info current-culture="en-US" current-uiculture="en-US" />
  <test-suite type="Project" name="C:\iring-tools-2.0.x\Tests\NUnit.Tests\NUnit.Tests.csproj" executed="True" result="Success" success="True" time="25.516" asserts="0">
    <results>
      <test-suite type="Assembly" name="C:\iring-tools-2.0.x\Tests\NUnit.Tests\Bin\NUnit.Tests.dll" executed="True" result="Success" success="True" time="25.469" asserts="0">
        <results>
          <test-suite type="Namespace" name="NUnit" executed="True" result="Success" success="True" time="25.469" asserts="0">
            <results>
              <test-suite type="Namespace" name="Tests" executed="True" result="Success" success="True" time="25.453" asserts="0">
                <results>
                  <test-suite type="TestFixture" name="AdapterTest" executed="True" result="Success" success="True" time="12.375" asserts="0">
                    <results>
                      <test-case name="NUnit.Tests.AdapterTest.GetBinding" executed="True" result="Success" success="True" time="0.344" asserts="1" />
                      <test-case name="NUnit.Tests.AdapterTest.GetDataLayers" executed="True" result="Success" success="True" time="1.109" asserts="1" />
                      <test-case name="NUnit.Tests.AdapterTest.GetDictionary" executed="True" result="Success" success="True" time="8.734" asserts="1" />
                      <test-case name="NUnit.Tests.AdapterTest.GetMapping" executed="True" result="Success" success="True" time="0.000" asserts="1" />
                      <test-case name="NUnit.Tests.AdapterTest.GetScopes" executed="True" result="Success" success="True" time="0.000" asserts="1" />
                      <test-case name="NUnit.Tests.AdapterTest.UpdateBinding" executed="True" result="Success" success="True" time="0.156" asserts="2" />
                      <test-case name="NUnit.Tests.AdapterTest.UpdateMapping" executed="True" result="Success" success="True" time="0.391" asserts="2" />
                      <test-case name="NUnit.Tests.AdapterTest.UpdateScopes" executed="True" result="Success" success="True" time="0.047" asserts="2" />
                    </results>
                  </test-suite>
                  <test-suite type="TestFixture" name="DataTest" executed="True" result="Success" success="True" time="6.750" asserts="0">
                    <results>
                      <test-case name="NUnit.Tests.DataTest.GetDataFilterFull" executed="True" result="Success" success="True" time="2.422" asserts="1" />
                      <test-case name="NUnit.Tests.DataTest.GetDataFilterIndex" executed="True" result="Success" success="True" time="0.078" asserts="1" />
                      <test-case name="NUnit.Tests.DataTest.GetDataFilterPageSortFull" executed="True" result="Success" success="True" time="0.547" asserts="7" />
                      <test-case name="NUnit.Tests.DataTest.GetDataFilterPageSortIndex" executed="True" result="Success" success="True" time="0.547" asserts="7" />
                      <test-case name="NUnit.Tests.DataTest.GetFilterFull" executed="True" result="Success" success="True" time="0.078" asserts="1" />
                      <test-case name="NUnit.Tests.DataTest.GetFilterIndex" executed="True" result="Success" success="True" time="0.078" asserts="1" />
                      <test-case name="NUnit.Tests.DataTest.GetFilterPageSortFull" executed="True" result="Success" success="True" time="0.656" asserts="7" />
                      <test-case name="NUnit.Tests.DataTest.GetFilterPageSortIndex" executed="True" result="Success" success="True" time="0.609" asserts="7" />
                      <test-case name="NUnit.Tests.DataTest.GetFull" executed="True" result="Success" success="True" time="0.141" asserts="1" />
                      <test-case name="NUnit.Tests.DataTest.GetIndex" executed="True" result="Success" success="True" time="0.078" asserts="1" />
                      <test-case name="NUnit.Tests.DataTest.GetIndividual" executed="True" result="Success" success="True" time="0.234" asserts="1" />
                      <test-case name="NUnit.Tests.DataTest.GetPageFull" executed="True" result="Success" success="True" time="0.609" asserts="7" />
                      <test-case name="NUnit.Tests.DataTest.GetPageIndex" executed="True" result="Success" success="True" time="0.484" asserts="7" />
                      <test-case name="NUnit.Tests.DataTest.GetSortFull" executed="True" result="Success" success="True" time="0.094" asserts="1" />
                      <test-case name="NUnit.Tests.DataTest.GetSortIndex" executed="True" result="Success" success="True" time="0.078" asserts="1" />
                    </results>
                  </test-suite>
                  <test-suite type="TestFixture" name="NHibernateTest" executed="True" result="Success" success="True" time="2.234" asserts="0">
                    <results>
                      <test-case name="NUnit.Tests.NHibernateTest.Generate" executed="True" result="Success" success="True" time="0.406" asserts="2" />
                      <test-case name="NUnit.Tests.NHibernateTest.GetDictionary" executed="True" result="Success" success="True" time="0.000" asserts="1" />
                      <test-case name="NUnit.Tests.NHibernateTest.GetProviders" executed="True" result="Success" success="True" time="0.000" asserts="1" />
                      <test-case name="NUnit.Tests.NHibernateTest.GetRelationships" executed="True" result="Success" success="True" time="0.000" asserts="1" />
                      <test-case name="NUnit.Tests.NHibernateTest.GetSchemaObjects" executed="True" result="Success" success="True" time="0.328" asserts="1" />
                      <test-case name="NUnit.Tests.NHibernateTest.GetSchemaObjectSchema" executed="True" result="Success" success="True" time="0.391" asserts="1" />
                      <test-case name="NUnit.Tests.NHibernateTest.PostDictionary" executed="True" result="Success" success="True" time="1.000" asserts="2" />
                    </results>
                  </test-suite>
                  <test-suite type="TestFixture" name="XmlTest" executed="True" result="Success" success="True" time="4.078" asserts="0">
                    <results>
                      <test-case name="NUnit.Tests.XmlTest.GetDataFilterFull" executed="True" result="Success" success="True" time="0.266" asserts="1" />
                      <test-case name="NUnit.Tests.XmlTest.GetDataFilterIndex" executed="True" result="Success" success="True" time="0.078" asserts="1" />
                      <test-case name="NUnit.Tests.XmlTest.GetDataFilterPageSortFull" executed="True" result="Success" success="True" time="0.531" asserts="7" />
                      <test-case name="NUnit.Tests.XmlTest.GetDataFilterPageSortIndex" executed="True" result="Success" success="True" time="0.500" asserts="7" />
                      <test-case name="NUnit.Tests.XmlTest.GetFilterFull" executed="True" result="Success" success="True" time="0.078" asserts="1" />
                      <test-case name="NUnit.Tests.XmlTest.GetFilterIndex" executed="True" result="Success" success="True" time="0.063" asserts="1" />
                      <test-case name="NUnit.Tests.XmlTest.GetFilterPageSortFull" executed="True" result="Success" success="True" time="0.516" asserts="7" />
                      <test-case name="NUnit.Tests.XmlTest.GetFilterPageSortIndex" executed="True" result="Success" success="True" time="0.484" asserts="7" />
                      <test-case name="NUnit.Tests.XmlTest.GetFull" executed="True" result="Success" success="True" time="0.203" asserts="1" />
                      <test-case name="NUnit.Tests.XmlTest.GetIndex" executed="True" result="Success" success="True" time="0.078" asserts="1" />
                      <test-case name="NUnit.Tests.XmlTest.GetIndividual" executed="True" result="Success" success="True" time="0.063" asserts="1" />
                      <test-case name="NUnit.Tests.XmlTest.GetPageFull" executed="True" result="Success" success="True" time="0.531" asserts="7" />
                      <test-case name="NUnit.Tests.XmlTest.GetPageIndex" executed="True" result="Success" success="True" time="0.500" asserts="7" />
                      <test-case name="NUnit.Tests.XmlTest.GetSortFull" executed="True" result="Success" success="True" time="0.078" asserts="1" />
                      <test-case name="NUnit.Tests.XmlTest.GetSortIndex" executed="True" result="Success" success="True" time="0.078" asserts="1" />
                    </results>
                  </test-suite>
                </results>
              </test-suite>
            </results>
          </test-suite>
        </results>
      </test-suite>
    </results>
  </test-suite>
</test-results>