<?xml version="1.0" encoding="utf-8" standalone="no"?>
<!--This file represents the results of running a test suite-->
<test-results name="C:\Users\rpdecarl\iring-tools-2.0.x\Tests\NUnit.Tests\NUnit.Tests.csproj" total="50" errors="0" failures="0" not-run="0" inconclusive="0" ignored="0" skipped="0" invalid="0" date="2011-03-02" time="14:32:01">
  <environment nunit-version="2.5.9.10348" clr-version="4.0.30319.1" os-version="Microsoft Windows NT 6.1.7600.0" platform="Win32NT" cwd="C:\Users\rpdecarl\iring-tools-2.0.x\Tests\NUnit.Runner\bin\Debug" machine-name="FREL19610" user="rpdecarl" user-domain="IAMERS" />
  <culture-info current-culture="en-US" current-uiculture="en-US" />
  <test-suite type="Project" name="C:\Users\rpdecarl\iring-tools-2.0.x\Tests\NUnit.Tests\NUnit.Tests.csproj" executed="True" result="Success" success="True" time="2837.076" asserts="0">
    <results>
      <test-suite type="Assembly" name="C:\Users\rpdecarl\iring-tools-2.0.x\Tests\NUnit.Tests\Bin\NUnit.Tests.dll" executed="True" result="Success" success="True" time="2837.064" asserts="0">
        <results>
          <test-suite type="Namespace" name="NUnit" executed="True" result="Success" success="True" time="2837.058" asserts="0">
            <results>
              <test-suite type="Namespace" name="Tests" executed="True" result="Success" success="True" time="2837.055" asserts="0">
                <results>
                  <test-suite type="TestFixture" name="AdapterTest" executed="True" result="Success" success="True" time="8.499" asserts="0">
                    <results>
                      <test-case name="NUnit.Tests.AdapterTest.GetBinding" executed="True" result="Success" success="True" time="0.175" asserts="1" />
                      <test-case name="NUnit.Tests.AdapterTest.GetDataLayers" executed="True" result="Success" success="True" time="2.581" asserts="1" />
                      <test-case name="NUnit.Tests.AdapterTest.GetDictionary" executed="True" result="Success" success="True" time="4.019" asserts="1" />
                      <test-case name="NUnit.Tests.AdapterTest.GetMapping" executed="True" result="Success" success="True" time="0.001" asserts="1" />
                      <test-case name="NUnit.Tests.AdapterTest.GetScopes" executed="True" result="Success" success="True" time="0.000" asserts="1" />
                      <test-case name="NUnit.Tests.AdapterTest.UpdateBinding" executed="True" result="Success" success="True" time="0.045" asserts="2" />
                      <test-case name="NUnit.Tests.AdapterTest.UpdateMapping" executed="True" result="Success" success="True" time="0.134" asserts="2" />
                      <test-case name="NUnit.Tests.AdapterTest.UpdateScopes" executed="True" result="Success" success="True" time="0.016" asserts="2" />
                    </results>
                  </test-suite>
                  <test-suite type="TestFixture" name="DataTest" executed="True" result="Success" success="True" time="6.010" asserts="0">
                    <results>
                      <test-case name="NUnit.Tests.DataTest.GetDataFilterFull" executed="True" result="Success" success="True" time="1.394" asserts="1" />
                      <test-case name="NUnit.Tests.DataTest.GetDataFilterIndex" executed="True" result="Success" success="True" time="0.074" asserts="1" />
                      <test-case name="NUnit.Tests.DataTest.GetDataFilterPageSortFull" executed="True" result="Success" success="True" time="0.865" asserts="7" />
                      <test-case name="NUnit.Tests.DataTest.GetDataFilterPageSortIndex" executed="True" result="Success" success="True" time="0.639" asserts="7" />
                      <test-case name="NUnit.Tests.DataTest.GetFilterFull" executed="True" result="Success" success="True" time="0.066" asserts="1" />
                      <test-case name="NUnit.Tests.DataTest.GetFilterIndex" executed="True" result="Success" success="True" time="0.070" asserts="1" />
                      <test-case name="NUnit.Tests.DataTest.GetFilterPageSortFull" executed="True" result="Success" success="True" time="0.566" asserts="7" />
                      <test-case name="NUnit.Tests.DataTest.GetFilterPageSortIndex" executed="True" result="Success" success="True" time="0.547" asserts="7" />
                      <test-case name="NUnit.Tests.DataTest.GetFull" executed="True" result="Success" success="True" time="0.109" asserts="1" />
                      <test-case name="NUnit.Tests.DataTest.GetIndex" executed="True" result="Success" success="True" time="0.084" asserts="1" />
                      <test-case name="NUnit.Tests.DataTest.GetIndividual" executed="True" result="Success" success="True" time="0.093" asserts="1" />
                      <test-case name="NUnit.Tests.DataTest.GetPageFull" executed="True" result="Success" success="True" time="0.566" asserts="7" />
                      <test-case name="NUnit.Tests.DataTest.GetPageIndex" executed="True" result="Success" success="True" time="0.616" asserts="7" />
                      <test-case name="NUnit.Tests.DataTest.GetSortFull" executed="True" result="Success" success="True" time="0.210" asserts="1" />
                      <test-case name="NUnit.Tests.DataTest.GetSortIndex" executed="True" result="Success" success="True" time="0.096" asserts="1" />
                    </results>
                  </test-suite>
                  <test-suite type="TestFixture" name="NHibernateTest" executed="True" result="Success" success="True" time="3.352" asserts="0">
                    <results>
                      <test-case name="NUnit.Tests.NHibernateTest.Generate" executed="True" result="Success" success="True" time="2.163" asserts="2" />
                      <test-case name="NUnit.Tests.NHibernateTest.GetDictionary" executed="True" result="Success" success="True" time="0.007" asserts="1" />
                      <test-case name="NUnit.Tests.NHibernateTest.GetProviders" executed="True" result="Success" success="True" time="0.002" asserts="1" />
                      <test-case name="NUnit.Tests.NHibernateTest.GetRelationships" executed="True" result="Success" success="True" time="0.001" asserts="1" />
                      <test-case name="NUnit.Tests.NHibernateTest.GetSchemaObjects" executed="True" result="Success" success="True" time="0.165" asserts="1" />
                      <test-case name="NUnit.Tests.NHibernateTest.GetSchemaObjectSchema" executed="True" result="Success" success="True" time="0.250" asserts="1" />
                      <test-case name="NUnit.Tests.NHibernateTest.PostDictionary" executed="True" result="Success" success="True" time="0.628" asserts="2" />
                    </results>
                  </test-suite>
                  <test-suite type="TestFixture" name="ReferenceDataTests" executed="True" result="Success" success="True" time="2814.226" asserts="0">
                    <results>
                      <test-case name="NUnit.Tests.ReferenceDataTests.GetClass" executed="True" result="Success" success="True" time="17.223" asserts="1" />
                      <test-case name="NUnit.Tests.ReferenceDataTests.GetClassLabel" executed="True" result="Success" success="True" time="0.575" asserts="1" />
                      <test-case name="NUnit.Tests.ReferenceDataTests.GetRepositories" executed="True" result="Success" success="True" time="0.001" asserts="1" />
                      <test-case name="NUnit.Tests.ReferenceDataTests.GetTemplate" executed="True" result="Success" success="True" time="7.702" asserts="1" />
                      <test-case name="NUnit.Tests.ReferenceDataTests.Search" executed="True" result="Success" success="True" time="2788.504" asserts="1" />
                    </results>
                  </test-suite>
                  <test-suite type="TestFixture" name="XmlTest" executed="True" result="Success" success="True" time="4.953" asserts="0">
                    <results>
                      <test-case name="NUnit.Tests.XmlTest.GetDataFilterFull" executed="True" result="Success" success="True" time="0.809" asserts="1" />
                      <test-case name="NUnit.Tests.XmlTest.GetDataFilterIndex" executed="True" result="Success" success="True" time="0.066" asserts="1" />
                      <test-case name="NUnit.Tests.XmlTest.GetDataFilterPageSortFull" executed="True" result="Success" success="True" time="0.763" asserts="7" />
                      <test-case name="NUnit.Tests.XmlTest.GetDataFilterPageSortIndex" executed="True" result="Success" success="True" time="0.567" asserts="7" />
                      <test-case name="NUnit.Tests.XmlTest.GetFilterFull" executed="True" result="Success" success="True" time="0.058" asserts="1" />
                      <test-case name="NUnit.Tests.XmlTest.GetFilterIndex" executed="True" result="Success" success="True" time="0.066" asserts="1" />
                      <test-case name="NUnit.Tests.XmlTest.GetFilterPageSortFull" executed="True" result="Success" success="True" time="0.564" asserts="7" />
                      <test-case name="NUnit.Tests.XmlTest.GetFilterPageSortIndex" executed="True" result="Success" success="True" time="0.509" asserts="7" />
                      <test-case name="NUnit.Tests.XmlTest.GetFull" executed="True" result="Success" success="True" time="0.097" asserts="1" />
                      <test-case name="NUnit.Tests.XmlTest.GetIndex" executed="True" result="Success" success="True" time="0.082" asserts="1" />
                      <test-case name="NUnit.Tests.XmlTest.GetIndividual" executed="True" result="Success" success="True" time="0.058" asserts="1" />
                      <test-case name="NUnit.Tests.XmlTest.GetPageFull" executed="True" result="Success" success="True" time="0.533" asserts="7" />
                      <test-case name="NUnit.Tests.XmlTest.GetPageIndex" executed="True" result="Success" success="True" time="0.497" asserts="7" />
                      <test-case name="NUnit.Tests.XmlTest.GetSortFull" executed="True" result="Success" success="True" time="0.172" asserts="1" />
                      <test-case name="NUnit.Tests.XmlTest.GetSortIndex" executed="True" result="Success" success="True" time="0.088" asserts="1" />
                    </results>
                  </test-suite>
                </results>
              </test-suite>
            </results>
          </test-suite>
        </results>
      </test-suite>
    </results>
  </test-suite>
</test-results>