<?xml version="1.0" encoding="utf-8" standalone="no"?>
<!--This file represents the results of running a test suite-->
<test-results name="C:\iring-tools\Tests\NUnit.Tests\NUnit.Tests.csproj" total="50" errors="0" failures="0" not-run="0" inconclusive="0" ignored="0" skipped="0" invalid="0" date="2011-03-07" time="20:21:08">
  <environment nunit-version="2.5.9.10348" clr-version="4.0.30319.208" os-version="Microsoft Windows NT 6.1.7600.0" platform="Win32NT" cwd="C:\iring-tools\Tests\NUnit.Runner\bin\Debug" machine-name="ROBDECARLO3B07" user="Administrator" user-domain="ROBDECARLO3B07" />
  <culture-info current-culture="en-US" current-uiculture="en-US" />
  <test-suite type="Project" name="C:\iring-tools\Tests\NUnit.Tests\NUnit.Tests.csproj" executed="True" result="Success" success="True" time="65.453" asserts="0">
    <results>
      <test-suite type="Assembly" name="C:\iring-tools\Tests\NUnit.Tests\Bin\NUnit.Tests.dll" executed="True" result="Success" success="True" time="65.453" asserts="0">
        <results>
          <test-suite type="Namespace" name="NUnit" executed="True" result="Success" success="True" time="65.438" asserts="0">
            <results>
              <test-suite type="Namespace" name="Tests" executed="True" result="Success" success="True" time="65.438" asserts="0">
                <results>
                  <test-suite type="TestFixture" name="AdapterTest" executed="True" result="Success" success="True" time="11.688" asserts="0">
                    <results>
                      <test-case name="NUnit.Tests.AdapterTest.GetBinding" executed="True" result="Success" success="True" time="0.297" asserts="1" />
                      <test-case name="NUnit.Tests.AdapterTest.GetDataLayers" executed="True" result="Success" success="True" time="2.078" asserts="1" />
                      <test-case name="NUnit.Tests.AdapterTest.GetDictionary" executed="True" result="Success" success="True" time="7.547" asserts="1" />
                      <test-case name="NUnit.Tests.AdapterTest.GetMapping" executed="True" result="Success" success="True" time="0.000" asserts="1" />
                      <test-case name="NUnit.Tests.AdapterTest.GetScopes" executed="True" result="Success" success="True" time="0.000" asserts="1" />
                      <test-case name="NUnit.Tests.AdapterTest.UpdateBinding" executed="True" result="Success" success="True" time="0.094" asserts="2" />
                      <test-case name="NUnit.Tests.AdapterTest.UpdateMapping" executed="True" result="Success" success="True" time="0.156" asserts="2" />
                      <test-case name="NUnit.Tests.AdapterTest.UpdateScopes" executed="True" result="Success" success="True" time="0.031" asserts="2" />
                    </results>
                  </test-suite>
                  <test-suite type="TestFixture" name="DataTest" executed="True" result="Success" success="True" time="19.234" asserts="0">
                    <results>
                      <test-case name="NUnit.Tests.DataTest.GetDataFilterFull" executed="True" result="Success" success="True" time="3.422" asserts="1" />
                      <test-case name="NUnit.Tests.DataTest.GetDataFilterIndex" executed="True" result="Success" success="True" time="0.328" asserts="1" />
                      <test-case name="NUnit.Tests.DataTest.GetDataFilterPageSortFull" executed="True" result="Success" success="True" time="3.734" asserts="7" />
                      <test-case name="NUnit.Tests.DataTest.GetDataFilterPageSortIndex" executed="True" result="Success" success="True" time="1.750" asserts="7" />
                      <test-case name="NUnit.Tests.DataTest.GetFilterFull" executed="True" result="Success" success="True" time="0.250" asserts="1" />
                      <test-case name="NUnit.Tests.DataTest.GetFilterIndex" executed="True" result="Success" success="True" time="0.234" asserts="1" />
                      <test-case name="NUnit.Tests.DataTest.GetFilterPageSortFull" executed="True" result="Success" success="True" time="1.813" asserts="7" />
                      <test-case name="NUnit.Tests.DataTest.GetFilterPageSortIndex" executed="True" result="Success" success="True" time="1.875" asserts="7" />
                      <test-case name="NUnit.Tests.DataTest.GetFull" executed="True" result="Success" success="True" time="0.297" asserts="1" />
                      <test-case name="NUnit.Tests.DataTest.GetIndex" executed="True" result="Success" success="True" time="0.281" asserts="1" />
                      <test-case name="NUnit.Tests.DataTest.GetIndividual" executed="True" result="Success" success="True" time="0.281" asserts="1" />
                      <test-case name="NUnit.Tests.DataTest.GetPageFull" executed="True" result="Success" success="True" time="1.844" asserts="7" />
                      <test-case name="NUnit.Tests.DataTest.GetPageIndex" executed="True" result="Success" success="True" time="1.781" asserts="7" />
                      <test-case name="NUnit.Tests.DataTest.GetSortFull" executed="True" result="Success" success="True" time="0.984" asserts="1" />
                      <test-case name="NUnit.Tests.DataTest.GetSortIndex" executed="True" result="Success" success="True" time="0.266" asserts="1" />
                    </results>
                  </test-suite>
                  <test-suite type="TestFixture" name="NHibernateTest" executed="True" result="Success" success="True" time="3.297" asserts="0">
                    <results>
                      <test-case name="NUnit.Tests.NHibernateTest.Generate" executed="True" result="Success" success="True" time="0.656" asserts="2" />
                      <test-case name="NUnit.Tests.NHibernateTest.GetDictionary" executed="True" result="Success" success="True" time="0.000" asserts="1" />
                      <test-case name="NUnit.Tests.NHibernateTest.GetProviders" executed="True" result="Success" success="True" time="0.016" asserts="1" />
                      <test-case name="NUnit.Tests.NHibernateTest.GetRelationships" executed="True" result="Success" success="True" time="0.000" asserts="1" />
                      <test-case name="NUnit.Tests.NHibernateTest.GetSchemaObjects" executed="True" result="Success" success="True" time="0.188" asserts="1" />
                      <test-case name="NUnit.Tests.NHibernateTest.GetSchemaObjectSchema" executed="True" result="Success" success="True" time="0.641" asserts="1" />
                      <test-case name="NUnit.Tests.NHibernateTest.PostDictionary" executed="True" result="Success" success="True" time="1.609" asserts="2" />
                    </results>
                  </test-suite>
                  <test-suite type="TestFixture" name="ReferenceDataTests" executed="True" result="Success" success="True" time="9.656" asserts="0">
                    <results>
                      <test-case name="NUnit.Tests.ReferenceDataTests.GetClass" executed="True" result="Success" success="True" time="4.484" asserts="1" />
                      <test-case name="NUnit.Tests.ReferenceDataTests.GetClassLabel" executed="True" result="Success" success="True" time="0.656" asserts="1" />
                      <test-case name="NUnit.Tests.ReferenceDataTests.GetRepositories" executed="True" result="Success" success="True" time="0.000" asserts="1" />
                      <test-case name="NUnit.Tests.ReferenceDataTests.GetTemplate" executed="True" result="Success" success="True" time="2.359" asserts="1" />
                      <test-case name="NUnit.Tests.ReferenceDataTests.Search" executed="True" result="Success" success="True" time="1.828" asserts="1" />
                    </results>
                  </test-suite>
                  <test-suite type="TestFixture" name="XmlTest" executed="True" result="Success" success="True" time="21.563" asserts="0">
                    <results>
                      <test-case name="NUnit.Tests.XmlTest.GetDataFilterFull" executed="True" result="Success" success="True" time="2.875" asserts="1" />
                      <test-case name="NUnit.Tests.XmlTest.GetDataFilterIndex" executed="True" result="Success" success="True" time="0.344" asserts="1" />
                      <test-case name="NUnit.Tests.XmlTest.GetDataFilterPageSortFull" executed="True" result="Success" success="True" time="4.938" asserts="7" />
                      <test-case name="NUnit.Tests.XmlTest.GetDataFilterPageSortIndex" executed="True" result="Success" success="True" time="2.234" asserts="7" />
                      <test-case name="NUnit.Tests.XmlTest.GetFilterFull" executed="True" result="Success" success="True" time="0.438" asserts="1" />
                      <test-case name="NUnit.Tests.XmlTest.GetFilterIndex" executed="True" result="Success" success="True" time="0.375" asserts="1" />
                      <test-case name="NUnit.Tests.XmlTest.GetFilterPageSortFull" executed="True" result="Success" success="True" time="2.125" asserts="7" />
                      <test-case name="NUnit.Tests.XmlTest.GetFilterPageSortIndex" executed="True" result="Success" success="True" time="1.938" asserts="7" />
                      <test-case name="NUnit.Tests.XmlTest.GetFull" executed="True" result="Success" success="True" time="0.344" asserts="1" />
                      <test-case name="NUnit.Tests.XmlTest.GetIndex" executed="True" result="Success" success="True" time="0.359" asserts="1" />
                      <test-case name="NUnit.Tests.XmlTest.GetIndividual" executed="True" result="Success" success="True" time="0.359" asserts="1" />
                      <test-case name="NUnit.Tests.XmlTest.GetPageFull" executed="True" result="Success" success="True" time="2.109" asserts="7" />
                      <test-case name="NUnit.Tests.XmlTest.GetPageIndex" executed="True" result="Success" success="True" time="1.734" asserts="7" />
                      <test-case name="NUnit.Tests.XmlTest.GetSortFull" executed="True" result="Success" success="True" time="1.000" asserts="1" />
                      <test-case name="NUnit.Tests.XmlTest.GetSortIndex" executed="True" result="Success" success="True" time="0.375" asserts="1" />
                    </results>
                  </test-suite>
                </results>
              </test-suite>
            </results>
          </test-suite>
        </results>
      </test-suite>
    </results>
  </test-suite>
</test-results>